Using pre-set license
Built from '2022.3/staging' branch; Version is '2022.3.8f1 (b5eafc012955) revision 11922172'; Using compiler version '192829333'; Build Type 'Release'
OS: 'Windows 11  (10.0.22621) 64bit Core' Language: 'en' Physical Memory: 32560 MB
BatchMode: 1, IsHumanControllingUs: 0, StartBugReporterOnCrash: 0, Is64bit: 1, IsPro: 1

COMMAND LINE ARGUMENTS:
C:\Program Files\Unity\Hub\Editor\2022.3.8f1\Editor\Unity.exe
-adb2
-batchMode
-noUpm
-name
AssetImportWorker0
-projectPath
C:/Users/anth/Documents/game625project2/Game625 Project 2
-logFile
Logs/AssetImportWorker0.log
-srvPort
49777
Successfully changed project path to: C:/Users/anth/Documents/game625project2/Game625 Project 2
C:/Users/anth/Documents/game625project2/Game625 Project 2
[UnityMemory] Configuration Parameters - Can be set up in boot.config
    "memorysetup-bucket-allocator-granularity=16"
    "memorysetup-bucket-allocator-bucket-count=8"
    "memorysetup-bucket-allocator-block-size=33554432"
    "memorysetup-bucket-allocator-block-count=8"
    "memorysetup-main-allocator-block-size=16777216"
    "memorysetup-thread-allocator-block-size=16777216"
    "memorysetup-gfx-main-allocator-block-size=16777216"
    "memorysetup-gfx-thread-allocator-block-size=16777216"
    "memorysetup-cache-allocator-block-size=4194304"
    "memorysetup-typetree-allocator-block-size=2097152"
    "memorysetup-profiler-bucket-allocator-granularity=16"
    "memorysetup-profiler-bucket-allocator-bucket-count=8"
    "memorysetup-profiler-bucket-allocator-block-size=33554432"
    "memorysetup-profiler-bucket-allocator-block-count=8"
    "memorysetup-profiler-allocator-block-size=16777216"
    "memorysetup-profiler-editor-allocator-block-size=1048576"
    "memorysetup-temp-allocator-size-main=16777216"
    "memorysetup-job-temp-allocator-block-size=2097152"
    "memorysetup-job-temp-allocator-block-size-background=1048576"
    "memorysetup-job-temp-allocator-reduction-small-platforms=262144"
    "memorysetup-allocator-temp-initial-block-size-main=262144"
    "memorysetup-allocator-temp-initial-block-size-worker=262144"
    "memorysetup-temp-allocator-size-background-worker=32768"
    "memorysetup-temp-allocator-size-job-worker=262144"
    "memorysetup-temp-allocator-size-preload-manager=33554432"
    "memorysetup-temp-allocator-size-nav-mesh-worker=65536"
    "memorysetup-temp-allocator-size-audio-worker=65536"
    "memorysetup-temp-allocator-size-cloud-worker=32768"
    "memorysetup-temp-allocator-size-gi-baking-worker=262144"
    "memorysetup-temp-allocator-size-gfx=262144"
Player connection [12600] Host "[IP] 192.168.1.151 [Port] 0 [Flags] 2 [Guid] 1984503428 [EditorId] 1984503428 [Version] 1048832 [Id] WindowsEditor(7,TheDuchess) [Debug] 1 [PackageName] WindowsEditor [ProjectName] Editor" joined multi-casting on [225.0.0.222:54997]...

Player connection [12600] Host "[IP] 192.168.1.151 [Port] 0 [Flags] 2 [Guid] 1984503428 [EditorId] 1984503428 [Version] 1048832 [Id] WindowsEditor(7,TheDuchess) [Debug] 1 [PackageName] WindowsEditor [ProjectName] Editor" joined alternative multi-casting on [225.0.0.222:34997]...

[Physics::Module] Initialized MultithreadedJobDispatcher with 23 workers.
Refreshing native plugins compatible for Editor in 4.71 ms, found 3 plugins.
Preloading 0 native plugins for Editor in 0.00 ms.
Initialize engine version: 2022.3.8f1 (b5eafc012955)
[Subsystems] Discovering subsystems at path C:/Program Files/Unity/Hub/Editor/2022.3.8f1/Editor/Data/Resources/UnitySubsystems
[Subsystems] Discovering subsystems at path C:/Users/anth/Documents/game625project2/Game625 Project 2/Assets
GfxDevice: creating device client; threaded=0; jobified=0
Direct3D:
    Version:  Direct3D 11.0 [level 11.1]
    Renderer: NVIDIA GeForce RTX 3090 (ID=0x2204)
    Vendor:   NVIDIA
    VRAM:     24340 MB
    Driver:   31.0.15.3699
Initialize mono
Mono path[0] = 'C:/Program Files/Unity/Hub/Editor/2022.3.8f1/Editor/Data/Managed'
Mono path[1] = 'C:/Program Files/Unity/Hub/Editor/2022.3.8f1/Editor/Data/MonoBleedingEdge/lib/mono/unityjit-win32'
Mono config path = 'C:/Program Files/Unity/Hub/Editor/2022.3.8f1/Editor/Data/MonoBleedingEdge/etc'
Using monoOptions --debugger-agent=transport=dt_socket,embedding=1,server=y,suspend=n,address=127.0.0.1:56884
Begin MonoManager ReloadAssembly
Registering precompiled unity dll's ...
Register platform support module: C:/Program Files/Unity/Hub/Editor/2022.3.8f1/Editor/Data/PlaybackEngines/WindowsStandaloneSupport/UnityEditor.WindowsStandalone.Extensions.dll
Registered in 0.004746 seconds.
- Loaded All Assemblies, in  0.389 seconds
Native extension for WindowsStandalone target not found
Mono: successfully reloaded assembly
- Finished resetting the current domain, in  0.175 seconds
Domain Reload Profiling: 563ms
	BeginReloadAssembly (164ms)
		ExecutionOrderSort (0ms)
		DisableScriptedObjects (0ms)
		BackupInstance (0ms)
		ReleaseScriptingObjects (0ms)
		CreateAndSetChildDomain (1ms)
	RebuildCommonClasses (30ms)
	RebuildNativeTypeToScriptingClass (7ms)
	initialDomainReloadingComplete (45ms)
	LoadAllAssembliesAndSetupDomain (142ms)
		LoadAssemblies (163ms)
		RebuildTransferFunctionScriptingTraits (0ms)
		AnalyzeDomain (139ms)
			TypeCache.Refresh (138ms)
				TypeCache.ScanAssembly (119ms)
			ScanForSourceGeneratedMonoScriptInfo (0ms)
			ResolveRequiredComponents (1ms)
	FinalizeReload (175ms)
		ReleaseScriptCaches (0ms)
		RebuildScriptCaches (0ms)
		SetupLoadedEditorAssemblies (134ms)
			LogAssemblyErrors (0ms)
			InitializePlatformSupportModulesInManaged (6ms)
			SetLoadedEditorAssemblies (5ms)
			RefreshPlugins (0ms)
			BeforeProcessingInitializeOnLoad (2ms)
			ProcessInitializeOnLoadAttributes (87ms)
			ProcessInitializeOnLoadMethodAttributes (34ms)
			AfterProcessingInitializeOnLoad (0ms)
			EditorAssembliesLoaded (0ms)
		ExecutionOrderSort2 (0ms)
		AwakeInstancesAfterBackupRestoration (0ms)
========================================================================
Worker process is ready to serve import requests
Begin MonoManager ReloadAssembly
- Loaded All Assemblies, in  0.574 seconds
Refreshing native plugins compatible for Editor in 1.77 ms, found 3 plugins.
Native extension for WindowsStandalone target not found
Package Manager log level set to [2]
[Package Manager] Server::EnsureServerProcessIsRunning -- launch failed, reason: Unity was launched with the -noUpm command-line argument
[Package Manager] UpmClient::Send -- Unable to send message (not connected to UPM process).
[Package Manager] Cannot connect to Unity Package Manager local server
Mono: successfully reloaded assembly
- Finished resetting the current domain, in  0.355 seconds
Domain Reload Profiling: 927ms
	BeginReloadAssembly (105ms)
		ExecutionOrderSort (0ms)
		DisableScriptedObjects (4ms)
		BackupInstance (0ms)
		ReleaseScriptingObjects (0ms)
		CreateAndSetChildDomain (14ms)
	RebuildCommonClasses (22ms)
	RebuildNativeTypeToScriptingClass (7ms)
	initialDomainReloadingComplete (32ms)
	LoadAllAssembliesAndSetupDomain (407ms)
		LoadAssemblies (288ms)
		RebuildTransferFunctionScriptingTraits (0ms)
		AnalyzeDomain (178ms)
			TypeCache.Refresh (160ms)
				TypeCache.ScanAssembly (145ms)
			ScanForSourceGeneratedMonoScriptInfo (15ms)
			ResolveRequiredComponents (2ms)
	FinalizeReload (355ms)
		ReleaseScriptCaches (0ms)
		RebuildScriptCaches (0ms)
		SetupLoadedEditorAssemblies (263ms)
			LogAssemblyErrors (0ms)
			InitializePlatformSupportModulesInManaged (4ms)
			SetLoadedEditorAssemblies (2ms)
			RefreshPlugins (0ms)
			BeforeProcessingInitializeOnLoad (36ms)
			ProcessInitializeOnLoadAttributes (202ms)
			ProcessInitializeOnLoadMethodAttributes (15ms)
			AfterProcessingInitializeOnLoad (4ms)
			EditorAssembliesLoaded (0ms)
		ExecutionOrderSort2 (0ms)
		AwakeInstancesAfterBackupRestoration (5ms)
Launched and connected shader compiler UnityShaderCompiler.exe after 0.05 seconds
Refreshing native plugins compatible for Editor in 2.12 ms, found 3 plugins.
Preloading 0 native plugins for Editor in 0.00 ms.
Unloading 3069 Unused Serialized files (Serialized files now loaded: 0)
Unloading 31 unused Assets / (56.4 KB). Loaded Objects now: 3531.
Memory consumption went from 114.6 MB to 114.6 MB.
Total: 3.311300 ms (FindLiveObjects: 0.469800 ms CreateObjectMapping: 0.129400 ms MarkObjects: 2.625400 ms  DeleteObjects: 0.085200 ms)

AssetImportParameters requested are different than current active one (requested -> active):
  custom:container-demuxer-ogg: 62fdf1f143b41e24485cea50d1cbac27 -> 
  custom:video-codec-MediaFoundation-h265: 746d11721c4dcdbdad8f713fa42b33f4 -> 
  custom:video-decoder-ogg-theora: a1e56fd34408186e4bbccfd4996cb3dc -> 
  custom:framework-win-MediaFoundation: 216162199b28c13a410421893ffa2e32 -> 
  custom:CustomObjectIndexerAttribute: 756ad292c208cfabdd7b50bc23989ffe -> 
  custom:container-demuxer-webm: 4f35f7cbe854078d1ac9338744f61a02 -> 
  custom:container-muxer-webm: aa71ff27fc2769a1b78a27578f13a17b -> 
  custom:video-decoder-webm-vp8: 9c59270c3fd7afecdb556c50c9e8de78 -> 
  custom:SearchIndexIgnoredProperties: e643bd26f0fe6173181afceb89e7c659 -> 
  custom:AudioImporter_EditorPlatform: d09bf68614088b80899f8185d706f6e7 -> 
  custom:video-encoder-webm-vp8: eb34c28f22e8b96e1ab97ce403110664 -> 
  custom:audio-decoder-ogg-vorbis: bf7c407c2cedff20999df2af8eb42d56 -> 
  custom:audio-encoder-webm-vorbis: bf7c407c2cedff20999df2af8eb42d56 -> 
========================================================================
Received Import Request.
  Time since last request: 406068.661950 seconds.
  path: Assets
  artifactKey: Guid(00000000000000001000000000000000) Importer(815301076,1909f56bfc062723c751e8b465ee728b)
Start importing Assets using Guid(00000000000000001000000000000000) Importer(815301076,1909f56bfc062723c751e8b465ee728b)  -> (artifact id: '8a4fe85251aa2e89732c359432baa2c3') in 0.001939 seconds
Number of updated asset objects reloaded before import = 0
Number of asset objects unloaded after import = 0
========================================================================
Received Import Request.
  Time since last request: 4.361099 seconds.
  path: Assets/playerScript.cs
  artifactKey: Guid(690a0defd85e59d4ba9ff91001d5acc8) Importer(815301076,1909f56bfc062723c751e8b465ee728b)
Start importing Assets/playerScript.cs using Guid(690a0defd85e59d4ba9ff91001d5acc8) Importer(815301076,1909f56bfc062723c751e8b465ee728b)  -> (artifact id: '39a17fa45b6c7bb1b4b4ae78d1c5b7d8') in 0.000392 seconds
Number of updated asset objects reloaded before import = 0
Number of asset objects unloaded after import = 0
========================================================================
Received Import Request.
  Time since last request: 120.090307 seconds.
  path: Assets/playerScript.cs
  artifactKey: Guid(690a0defd85e59d4ba9ff91001d5acc8) Importer(815301076,1909f56bfc062723c751e8b465ee728b)
Start importing Assets/playerScript.cs using Guid(690a0defd85e59d4ba9ff91001d5acc8) Importer(815301076,1909f56bfc062723c751e8b465ee728b)  -> (artifact id: '602687369c0543674b81226d5ecc5971') in 0.000420 seconds
Number of updated asset objects reloaded before import = 0
Number of asset objects unloaded after import = 0
========================================================================
Received Import Request.
  Time since last request: 2403.067301 seconds.
  path: Assets/Food items
  artifactKey: Guid(9d668501ebe383541a95eb4cdb07fd43) Importer(815301076,1909f56bfc062723c751e8b465ee728b)
Start importing Assets/Food items using Guid(9d668501ebe383541a95eb4cdb07fd43) Importer(815301076,1909f56bfc062723c751e8b465ee728b)  -> (artifact id: '51870a4bdd32ed61067283190f5d5d3b') in 0.000750 seconds
Number of updated asset objects reloaded before import = 0
Number of asset objects unloaded after import = 0
========================================================================
Received Import Request.
  Time since last request: 3.684820 seconds.
  path: Assets/Food items/Pizza_Slice.fbx
  artifactKey: Guid(ddfd6bbd48b1f5748aec89b9695c647b) Importer(815301076,1909f56bfc062723c751e8b465ee728b)
Start importing Assets/Food items/Pizza_Slice.fbx using Guid(ddfd6bbd48b1f5748aec89b9695c647b) Importer(815301076,1909f56bfc062723c751e8b465ee728b)  -> (artifact id: '93b4d60951d849acbb9a5ab75f5a85a5') in 0.165650 seconds
Number of updated asset objects reloaded before import = 0
Number of asset objects unloaded after import = 10
========================================================================
Received Import Request.
  Time since last request: 21.435333 seconds.
  path: Assets/Food items/Cupcake.fbx
  artifactKey: Guid(98ec6854201f3c0468fd6d793c52410d) Importer(815301076,1909f56bfc062723c751e8b465ee728b)
Start importing Assets/Food items/Cupcake.fbx using Guid(98ec6854201f3c0468fd6d793c52410d) Importer(815301076,1909f56bfc062723c751e8b465ee728b)  -> (artifact id: 'f697dad944a778d4c2661fef151e8d08') in 0.033913 seconds
Number of updated asset objects reloaded before import = 0
Number of asset objects unloaded after import = 10
========================================================================
Received Import Request.
  Time since last request: 136.759582 seconds.
  path: Assets/Food items/banana.fbx
  artifactKey: Guid(7e2b34185f3185e478bff6fd9eceb2e6) Importer(815301076,1909f56bfc062723c751e8b465ee728b)
Start importing Assets/Food items/banana.fbx using Guid(7e2b34185f3185e478bff6fd9eceb2e6) Importer(815301076,1909f56bfc062723c751e8b465ee728b)  -> (artifact id: '1243bd1c136a7714a4c064c61488ed25') in 0.022416 seconds
Number of updated asset objects reloaded before import = 0
Number of asset objects unloaded after import = 9
========================================================================
Received Import Request.
  Time since last request: 46.382011 seconds.
  path: Assets/Food items/Sushi_Nigiri1.fbx
  artifactKey: Guid(d0cb501a47edab04c9b89f7ac676ac28) Importer(815301076,1909f56bfc062723c751e8b465ee728b)
Start importing Assets/Food items/Sushi_Nigiri1.fbx using Guid(d0cb501a47edab04c9b89f7ac676ac28) Importer(815301076,1909f56bfc062723c751e8b465ee728b)  -> (artifact id: '554eadf89424dd1cd547e877794a2191') in 0.026006 seconds
Number of updated asset objects reloaded before import = 0
Number of asset objects unloaded after import = 9
========================================================================
Received Import Request.
  Time since last request: 46.489246 seconds.
  path: Assets/catman
  artifactKey: Guid(b50b2dc7856795e4ebf8c1d6bede8dd0) Importer(815301076,1909f56bfc062723c751e8b465ee728b)
Start importing Assets/catman using Guid(b50b2dc7856795e4ebf8c1d6bede8dd0) Importer(815301076,1909f56bfc062723c751e8b465ee728b)  -> (artifact id: 'b7cb6f504f34f6a2c5775fae68277e7b') in 0.000478 seconds
Number of updated asset objects reloaded before import = 0
Number of asset objects unloaded after import = 0
========================================================================
Received Import Request.
  Time since last request: 0.072439 seconds.
  path: Assets/catman/BREAD.fbx
  artifactKey: Guid(a95184ff62de45f47b05f3ae49a7ac2b) Importer(815301076,1909f56bfc062723c751e8b465ee728b)
Start importing Assets/catman/BREAD.fbx using Guid(a95184ff62de45f47b05f3ae49a7ac2b) Importer(815301076,1909f56bfc062723c751e8b465ee728b)  -> (artifact id: 'fab0de7345c2139d27760154178d688d') in 0.095907 seconds
Number of updated asset objects reloaded before import = 0
Number of asset objects unloaded after import = 89
========================================================================
Received Import Request.
  Time since last request: 39.738631 seconds.
  path: Assets/prefabs
  artifactKey: Guid(ca51d7e294f867a48b21da81525dcf48) Importer(815301076,1909f56bfc062723c751e8b465ee728b)
Start importing Assets/prefabs using Guid(ca51d7e294f867a48b21da81525dcf48) Importer(815301076,1909f56bfc062723c751e8b465ee728b)  -> (artifact id: '7b34b5e79a141eb1c4a2c48e78db7ba1') in 0.000484 seconds
Number of updated asset objects reloaded before import = 0
Number of asset objects unloaded after import = 0
========================================================================
Received Import Request.
  Time since last request: 3.350963 seconds.
  path: Assets/prefabs/banana.prefab
  artifactKey: Guid(f957e00852f6ade4682702664b4ac487) Importer(815301076,1909f56bfc062723c751e8b465ee728b)
Start importing Assets/prefabs/banana.prefab using Guid(f957e00852f6ade4682702664b4ac487) Importer(815301076,1909f56bfc062723c751e8b465ee728b)  -> (artifact id: '7a2533e1a8d99fcd2e7a37d21a026c71') in 0.014320 seconds
Number of updated asset objects reloaded before import = 0
Number of asset objects unloaded after import = 18
========================================================================
Received Import Request.
  Time since last request: 40.135606 seconds.
  path: Assets/prefabs/Cupcake.prefab
  artifactKey: Guid(6476e1962c8c96446b2fcc2b64a60c2c) Importer(815301076,1909f56bfc062723c751e8b465ee728b)
Start importing Assets/prefabs/Cupcake.prefab using Guid(6476e1962c8c96446b2fcc2b64a60c2c) Importer(815301076,1909f56bfc062723c751e8b465ee728b)  -> (artifact id: 'c5f8c2a4105330a1bb3a3d670078866d') in 0.011034 seconds
Number of updated asset objects reloaded before import = 0
Number of asset objects unloaded after import = 19
========================================================================
Received Import Request.
  Time since last request: 23.450014 seconds.
  path: Assets/prefabs/Pizza_Slice.prefab
  artifactKey: Guid(995097c4da0d71e49bcb9f4193847319) Importer(815301076,1909f56bfc062723c751e8b465ee728b)
Start importing Assets/prefabs/Pizza_Slice.prefab using Guid(995097c4da0d71e49bcb9f4193847319) Importer(815301076,1909f56bfc062723c751e8b465ee728b)  -> (artifact id: '2447cd25d454070a3baa409f82a8243f') in 0.012386 seconds
Number of updated asset objects reloaded before import = 0
Number of asset objects unloaded after import = 19
========================================================================
Received Import Request.
  Time since last request: 25.042074 seconds.
  path: Assets/prefabs/Sushi_Nigiri1.prefab
  artifactKey: Guid(c10c153b018a41843ab6928f978c39e3) Importer(815301076,1909f56bfc062723c751e8b465ee728b)
Start importing Assets/prefabs/Sushi_Nigiri1.prefab using Guid(c10c153b018a41843ab6928f978c39e3) Importer(815301076,1909f56bfc062723c751e8b465ee728b)  -> (artifact id: 'cc5422aab8b90b0e2de5ff233678eb8c') in 0.009907 seconds
Number of updated asset objects reloaded before import = 0
Number of asset objects unloaded after import = 18
========================================================================
Received Import Request.
  Time since last request: 10.085190 seconds.
  path: Assets/Food items/sundae
  artifactKey: Guid(461ac396ea8f97347bd7166bcf5aea62) Importer(815301076,1909f56bfc062723c751e8b465ee728b)
Start importing Assets/Food items/sundae using Guid(461ac396ea8f97347bd7166bcf5aea62) Importer(815301076,1909f56bfc062723c751e8b465ee728b)  -> (artifact id: 'e0f33bb878ead43f0307a4808de4a0da') in 0.000554 seconds
Number of updated asset objects reloaded before import = 0
Number of asset objects unloaded after import = 0
========================================================================
Received Import Request.
  Time since last request: 0.099733 seconds.
  path: Assets/Food items/sundae/sundae.obj
  artifactKey: Guid(dd429e451e050d34a9b64434bcf40634) Importer(815301076,1909f56bfc062723c751e8b465ee728b)
Start importing Assets/Food items/sundae/sundae.obj using Guid(dd429e451e050d34a9b64434bcf40634) Importer(815301076,1909f56bfc062723c751e8b465ee728b)  -> (artifact id: '94e88bcebacf07a782285d3e94286fb3') in 0.074700 seconds
Number of updated asset objects reloaded before import = 0
Number of asset objects unloaded after import = 24
========================================================================
Received Import Request.
  Time since last request: 109.567627 seconds.
  path: Assets/prefabs/sundae.prefab
  artifactKey: Guid(8e80c0c4c41cc8a46955d8d5e08c7d79) Importer(815301076,1909f56bfc062723c751e8b465ee728b)
Start importing Assets/prefabs/sundae.prefab using Guid(8e80c0c4c41cc8a46955d8d5e08c7d79) Importer(815301076,1909f56bfc062723c751e8b465ee728b)  -> (artifact id: '9c2e289283c4059bc4f0b718bdb4565a') in 0.011925 seconds
Number of updated asset objects reloaded before import = 0
Number of asset objects unloaded after import = 43
========================================================================
Received Import Request.
  Time since last request: 10.513973 seconds.
  path: Assets/Food items/kakarot
  artifactKey: Guid(1961fef8ced2d5243ab581f15d01288f) Importer(815301076,1909f56bfc062723c751e8b465ee728b)
Start importing Assets/Food items/kakarot using Guid(1961fef8ced2d5243ab581f15d01288f) Importer(815301076,1909f56bfc062723c751e8b465ee728b)  -> (artifact id: 'a59cbff0f45fa70c6592073f8d0311c2') in 0.000484 seconds
Number of updated asset objects reloaded before import = 0
Number of asset objects unloaded after import = 0
========================================================================
Received Import Request.
  Time since last request: 0.130208 seconds.
  path: Assets/Food items/kakarot/carrot.obj
  artifactKey: Guid(b2ab1121b699de440937d1fbac625ab0) Importer(815301076,1909f56bfc062723c751e8b465ee728b)
Start importing Assets/Food items/kakarot/carrot.obj using Guid(b2ab1121b699de440937d1fbac625ab0) Importer(815301076,1909f56bfc062723c751e8b465ee728b)  -> (artifact id: '4d1e655c090d7c17b5fbea454f6695e3') in 0.038921 seconds
Number of updated asset objects reloaded before import = 0
Number of asset objects unloaded after import = 11
========================================================================
Received Import Request.
  Time since last request: 97.553817 seconds.
  path: Assets/prefabs/carrot.prefab
  artifactKey: Guid(ec03c852b57123f44b0c8622ede296f1) Importer(815301076,1909f56bfc062723c751e8b465ee728b)
Start importing Assets/prefabs/carrot.prefab using Guid(ec03c852b57123f44b0c8622ede296f1) Importer(815301076,1909f56bfc062723c751e8b465ee728b)  -> (artifact id: '9f4ece7f5a0387b1781871d9f81bfa08') in 0.010555 seconds
Number of updated asset objects reloaded before import = 0
Number of asset objects unloaded after import = 22
========================================================================
Received Import Request.
  Time since last request: 6.432456 seconds.
  path: Assets/Food items/hot dog
  artifactKey: Guid(d8687d95754bcb3478b5ee37d6d2c284) Importer(815301076,1909f56bfc062723c751e8b465ee728b)
Start importing Assets/Food items/hot dog using Guid(d8687d95754bcb3478b5ee37d6d2c284) Importer(815301076,1909f56bfc062723c751e8b465ee728b)  -> (artifact id: '853b31ddca5a6ab64ec9a5093970eeed') in 0.000507 seconds
Number of updated asset objects reloaded before import = 0
Number of asset objects unloaded after import = 0
========================================================================
Received Import Request.
  Time since last request: 0.108803 seconds.
  path: Assets/Food items/hot dog/hotdog.obj
  artifactKey: Guid(ec865113fce6dcc44ab23f74a94f4faf) Importer(815301076,1909f56bfc062723c751e8b465ee728b)
Start importing Assets/Food items/hot dog/hotdog.obj using Guid(ec865113fce6dcc44ab23f74a94f4faf) Importer(815301076,1909f56bfc062723c751e8b465ee728b)  -> (artifact id: '31b14efaae805a3c9ebcc002e0a5261e') in 0.061841 seconds
Number of updated asset objects reloaded before import = 0
Number of asset objects unloaded after import = 14
========================================================================
Received Import Request.
  Time since last request: 13.933317 seconds.
  path: Assets/Food items/corn
  artifactKey: Guid(592634d2d5432bb48bf62c60715b1545) Importer(815301076,1909f56bfc062723c751e8b465ee728b)
Start importing Assets/Food items/corn using Guid(592634d2d5432bb48bf62c60715b1545) Importer(815301076,1909f56bfc062723c751e8b465ee728b)  -> (artifact id: '17c61ec75cdaaf2b689998c63920abf4') in 0.000478 seconds
Number of updated asset objects reloaded before import = 0
Number of asset objects unloaded after import = 0
========================================================================
Received Import Request.
  Time since last request: 0.132513 seconds.
  path: Assets/Food items/corn/earofcorn.obj
  artifactKey: Guid(56994557f64c80143bc820283887a096) Importer(815301076,1909f56bfc062723c751e8b465ee728b)
Start importing Assets/Food items/corn/earofcorn.obj using Guid(56994557f64c80143bc820283887a096) Importer(815301076,1909f56bfc062723c751e8b465ee728b)  -> (artifact id: 'd8f528cf4db79fa05032c463d663e1c4') in 0.035563 seconds
Number of updated asset objects reloaded before import = 0
Number of asset objects unloaded after import = 12
========================================================================
Received Import Request.
  Time since last request: 37.924448 seconds.
  path: Assets/prefabs/earofcorn.prefab
  artifactKey: Guid(41fe33f4ecc035244a5f8570d491452c) Importer(815301076,1909f56bfc062723c751e8b465ee728b)
Start importing Assets/prefabs/earofcorn.prefab using Guid(41fe33f4ecc035244a5f8570d491452c) Importer(815301076,1909f56bfc062723c751e8b465ee728b)  -> (artifact id: 'd74e1c3c2b6bfd61802f89ca50510d3b') in 0.011950 seconds
Number of updated asset objects reloaded before import = 0
Number of asset objects unloaded after import = 23
========================================================================
Received Import Request.
  Time since last request: 11.404836 seconds.
  path: Assets/Food items/apple
  artifactKey: Guid(9a3240847ae266542b1de65c3f20ab00) Importer(815301076,1909f56bfc062723c751e8b465ee728b)
Start importing Assets/Food items/apple using Guid(9a3240847ae266542b1de65c3f20ab00) Importer(815301076,1909f56bfc062723c751e8b465ee728b)  -> (artifact id: '5423491032934fc88252b359da92a01f') in 0.000486 seconds
Number of updated asset objects reloaded before import = 0
Number of asset objects unloaded after import = 0
========================================================================
Received Import Request.
  Time since last request: 0.108641 seconds.
  path: Assets/Food items/apple/Apple.obj
  artifactKey: Guid(d056569a98168ad469c879f49bf8a00c) Importer(815301076,1909f56bfc062723c751e8b465ee728b)
Start importing Assets/Food items/apple/Apple.obj using Guid(d056569a98168ad469c879f49bf8a00c) Importer(815301076,1909f56bfc062723c751e8b465ee728b)  -> (artifact id: '5d31b235ffb543a4470a7b2380664892') in 0.034118 seconds
Number of updated asset objects reloaded before import = 0
Number of asset objects unloaded after import = 11
